<?xml version="1.0" encoding="UTF-8"?>
<!-- Generated by org.testng.reporters.JUnitReportReporter -->
<testsuite hostname="G4-W10-21H1-LEG" failures="0" tests="1" name="Temporary.date" time="9.130" errors="0" timestamp="2023-11-25T12:40:56 IST" skipped="0">
  <testcase classname="Temporary.date" name="dateSelect" time="9.130"/>
  <system-out/>
</testsuite> <!-- Temporary.date -->
